SF:D:\Git\BeGenerate\BeGenerate\Helpers\DebugExtensions.cs
FN:9,System.Void BeGenerate.Helpers.DebugExtensions::Debug(Microsoft.CodeAnalysis.GeneratorExecutionContext,System.String)
FNDA:0,System.Void BeGenerate.Helpers.DebugExtensions::Debug(Microsoft.CodeAnalysis.GeneratorExecutionContext,System.String)
DA:10,0
DA:11,0
DA:12,0
DA:13,0
DA:14,0
DA:15,0
DA:16,0
DA:17,0
DA:18,0
DA:19,0
DA:20,0
DA:21,0
DA:22,0
DA:23,0
BRDA:10,29,0,0
BRDA:10,29,1,0
LF:14
LH:0
BRF:2
BRH:0
FNF:1
FNH:0
end_of_record
SF:D:\Git\BeGenerate\BeGenerate\Generators\AutoInterface\AutoInterfaceGenerator.cs
FN:16,System.Void BeGenerate.Generators.AutoInterface.AutoInterfaceGenerator::Microsoft.CodeAnalysis.IIncrementalGenerator.Initialize(Microsoft.CodeAnalysis.IncrementalGeneratorInitializationContext)
FNDA:2,System.Void BeGenerate.Generators.AutoInterface.AutoInterfaceGenerator::Microsoft.CodeAnalysis.IIncrementalGenerator.Initialize(Microsoft.CodeAnalysis.IncrementalGeneratorInitializationContext)
DA:17,2
DA:18,2
DA:19,1
DA:20,3
DA:22,2
DA:23,2
DA:24,2
DA:25,1
DA:26,3
DA:27,2
FN:12,System.Void BeGenerate.Generators.AutoInterface.AutoInterfaceGenerator::.cctor()
FNDA:1,System.Void BeGenerate.Generators.AutoInterface.AutoInterfaceGenerator::.cctor()
DA:13,1
LF:11
LH:11
BRF:0
BRH:0
FNF:2
FNH:2
end_of_record
SF:D:\Git\BeGenerate\BeGenerate\Generators\AutoInterface\InterfaceData.cs
FN:66,System.String BeGenerate.Generators.AutoInterface.InterfaceData::get_Filename()
FNDA:1,System.String BeGenerate.Generators.AutoInterface.InterfaceData::get_Filename()
DA:67,1
FN:67,System.String BeGenerate.Generators.AutoInterface.InterfaceData::get_InterfaceName()
FNDA:1,System.String BeGenerate.Generators.AutoInterface.InterfaceData::get_InterfaceName()
DA:68,1
FN:68,System.Collections.Immutable.ImmutableArray`1<BeGenerate.Generators.AutoInterface.MethodData> BeGenerate.Generators.AutoInterface.InterfaceData::get_Methods()
FNDA:1,System.Collections.Immutable.ImmutableArray`1<BeGenerate.Generators.AutoInterface.MethodData> BeGenerate.Generators.AutoInterface.InterfaceData::get_Methods()
DA:69,1
FN:69,System.String BeGenerate.Generators.AutoInterface.InterfaceData::get_Name()
FNDA:2,System.String BeGenerate.Generators.AutoInterface.InterfaceData::get_Name()
DA:70,2
FN:70,System.String BeGenerate.Generators.AutoInterface.InterfaceData::get_NamespaceName()
FNDA:1,System.String BeGenerate.Generators.AutoInterface.InterfaceData::get_NamespaceName()
DA:71,1
FN:71,System.Collections.Immutable.ImmutableArray`1<BeGenerate.Generators.AutoInterface.PropertyData> BeGenerate.Generators.AutoInterface.InterfaceData::get_Properties()
FNDA:1,System.Collections.Immutable.ImmutableArray`1<BeGenerate.Generators.AutoInterface.PropertyData> BeGenerate.Generators.AutoInterface.InterfaceData::get_Properties()
DA:72,1
FN:75,System.String BeGenerate.Generators.AutoInterface.InterfaceData::Emit()
FNDA:1,System.String BeGenerate.Generators.AutoInterface.InterfaceData::Emit()
DA:76,1
DA:78,1
DA:79,1
DA:80,1
DA:81,1
DA:82,1
DA:83,1
DA:84,1
DA:85,1
DA:86,1
DA:87,1
DA:88,1
DA:89,5
DA:90,1
DA:92,1
FN:13,System.Void BeGenerate.Generators.AutoInterface.InterfaceData::.ctor(Microsoft.CodeAnalysis.INamedTypeSymbol)
FNDA:1,System.Void BeGenerate.Generators.AutoInterface.InterfaceData::.ctor(Microsoft.CodeAnalysis.INamedTypeSymbol)
DA:14,1
DA:16,1
DA:17,1
DA:18,1
DA:19,1
DA:20,1
DA:21,1
DA:22,1
DA:23,3
DA:24,3
DA:25,3
DA:26,3
DA:27,3
DA:28,3
DA:29,3
DA:30,3
DA:31,3
DA:32,1
DA:33,2
DA:34,2
DA:35,2
DA:36,2
DA:37,2
DA:38,2
DA:39,2
DA:40,2
DA:41,2
DA:42,2
DA:43,2
DA:44,2
DA:45,2
DA:46,2
DA:47,1
DA:48,1
DA:49,1
DA:50,1
DA:51,1
DA:52,1
DA:53,0
DA:54,0
DA:55,0
DA:56,0
DA:57,0
DA:58,1
DA:59,0
DA:60,0
DA:61,0
DA:62,0
DA:63,0
DA:64,1
DA:65,1
BRDA:23,1,0,3
BRDA:23,10,0,3
BRDA:23,18,0,3
BRDA:23,28,0,2
BRDA:23,1,1,1
BRDA:23,10,1,1
BRDA:23,18,1,1
BRDA:23,28,1,1
BRDA:30,8,0,0
BRDA:30,26,0,0
BRDA:30,8,1,0
BRDA:30,26,1,0
BRDA:53,1,0,0
BRDA:53,10,0,0
BRDA:53,18,0,0
BRDA:53,1,1,0
BRDA:53,10,1,0
BRDA:53,18,1,0
BRDA:56,8,0,0
BRDA:56,26,0,0
BRDA:56,8,1,0
BRDA:56,26,1,0
FN:11,System.Void BeGenerate.Generators.AutoInterface.InterfaceData::.cctor()
FNDA:0,System.Void BeGenerate.Generators.AutoInterface.InterfaceData::.cctor()
DA:12,0
LF:73
LH:62
BRF:22
BRH:8
FNF:9
FNH:8
end_of_record
SF:D:\Git\BeGenerate\BeGenerate\Generators\AutoInterface\MethodData.cs
FN:6,System.String BeGenerate.Generators.AutoInterface.MethodData::get_Name()
FNDA:4,System.String BeGenerate.Generators.AutoInterface.MethodData::get_Name()
DA:7,4
FN:7,System.Collections.Immutable.ImmutableArray`1<BeGenerate.Generators.AutoInterface.ParameterData> BeGenerate.Generators.AutoInterface.MethodData::get_Parameters()
FNDA:4,System.Collections.Immutable.ImmutableArray`1<BeGenerate.Generators.AutoInterface.ParameterData> BeGenerate.Generators.AutoInterface.MethodData::get_Parameters()
DA:8,4
FN:8,System.String BeGenerate.Generators.AutoInterface.MethodData::get_ReturnType()
FNDA:4,System.String BeGenerate.Generators.AutoInterface.MethodData::get_ReturnType()
DA:9,4
LF:3
LH:3
BRF:0
BRH:0
FNF:3
FNH:3
end_of_record
SF:D:\Git\BeGenerate\BeGenerate\Generators\AutoInterface\ParameterData.cs
FN:4,System.String BeGenerate.Generators.AutoInterface.ParameterData::get_Name()
FNDA:4,System.String BeGenerate.Generators.AutoInterface.ParameterData::get_Name()
DA:5,4
FN:5,System.String BeGenerate.Generators.AutoInterface.ParameterData::get_Type()
FNDA:4,System.String BeGenerate.Generators.AutoInterface.ParameterData::get_Type()
DA:6,4
LF:2
LH:2
BRF:0
BRH:0
FNF:2
FNH:2
end_of_record
SF:D:\Git\BeGenerate\BeGenerate\Generators\AutoInterface\PropertyData.cs
FN:4,System.String BeGenerate.Generators.AutoInterface.PropertyData::get_Name()
FNDA:0,System.String BeGenerate.Generators.AutoInterface.PropertyData::get_Name()
DA:5,0
FN:5,System.String BeGenerate.Generators.AutoInterface.PropertyData::get_Type()
FNDA:0,System.String BeGenerate.Generators.AutoInterface.PropertyData::get_Type()
DA:6,0
LF:2
LH:0
BRF:0
BRH:0
FNF:2
FNH:0
end_of_record